<?xml version="1.0" encoding="UTF-8"?>
<testsuite name="AppTest" tests="1" skipped="0" failures="0" errors="0" timestamp="2025-10-30T03:46:36" hostname="DESKTOP-40MRN41" time="0.017">
  <properties/>
  <testcase name="test()" classname="AppTest" time="0.017"/>
  <system-out><![CDATA[]]></system-out>
  <system-err><![CDATA[]]></system-err>
</testsuite>
